Engine ist jetzt connected.
Engine wird connected.
Ticker wird aktiviert.
User added. 1 User(s) found.
GET: stop
Setting Actions Processing called.
Versuche Stop / Neutral zu trainieren.
Versuche Stop / Neutral zu trainieren.
Training begonnen.
Training fertig.
Training wurde angenommen. Training abgeschlossen.
Versuche Vorwärts zu trainieren.
Training begonnen.
Training fertig.
Training wurde angenommen. Training abgeschlossen.
Versuche Vorwärts zu trainieren.
Training begonnen.
Training fertig.
Training wurde angenommen. Training abgeschlossen.
Speichervorgang angefragt.
Engine wird disconnected.
Engine ist jetzt disconnected.
